<?xml version="1.0" encoding="UTF-8"?>
<!-- Generated by org.testng.reporters.JUnitXMLReporter -->
<testsuite ignored="2" hostname="Shama-Banu" failures="0" tests="1" name="Default test" time="1.281" errors="0" timestamp="2025-03-22T14:40:07 IST">
  <testcase classname="practice.JDBCSample" name="executeUpdateSample" time="1.225"/>
  <testcase classname="practice.JDBCSample" name="executeQuerySample" time="0.0">
    <ignored/>
  </testcase> <!-- executeQuerySample -->
  <testcase classname="practice.JDBCSample" name="executeDeleteSample" time="0.0">
    <ignored/>
  </testcase> <!-- executeDeleteSample -->
</testsuite> <!-- Default test -->
