<?xml version="1.0" encoding="UTF-8"?>
<testng-results ignored="0" total="1" passed="1" failed="0" skipped="0">
  <reporter-output>
  </reporter-output>
  <suite started-at="2025-03-19T21:39:38 IST" name="Suite" finished-at="2025-03-19T21:40:03 IST" duration-ms="25009">
    <groups>
      <group name="RegressionSuite">
        <method signature="AddLowestPriceproductToTest.tc_002_addLowestPriceproductToCart()[pri:0, instance:InventoryTests.AddLowestPriceproductToTest@793f29ff]" name="tc_002_addLowestPriceproductToCart" class="InventoryTests.AddLowestPriceproductToTest"/>
      </group> <!-- RegressionSuite -->
    </groups>
    <test started-at="2025-03-19T21:39:38 IST" name="Test" finished-at="2025-03-19T21:40:03 IST" duration-ms="25009">
      <class name="InventoryTests.AddLowestPriceproductToTest">
        <test-method is-config="true" signature="bsConfig()[pri:0, instance:InventoryTests.AddLowestPriceproductToTest@793f29ff]" started-at="2025-03-19T21:39:38 IST" name="bsConfig" finished-at="2025-03-19T21:39:38 IST" duration-ms="11" status="PASS">
          <reporter-output>
          </reporter-output>
        </test-method> <!-- bsConfig -->
        <test-method is-config="true" signature="bcConfig()[pri:0, instance:InventoryTests.AddLowestPriceproductToTest@793f29ff]" started-at="2025-03-19T21:39:38 IST" name="bcConfig" finished-at="2025-03-19T21:39:55 IST" duration-ms="16462" status="PASS">
          <reporter-output>
          </reporter-output>
        </test-method> <!-- bcConfig -->
        <test-method is-config="true" signature="bmConfig()[pri:0, instance:InventoryTests.AddLowestPriceproductToTest@793f29ff]" started-at="2025-03-19T21:39:55 IST" name="bmConfig" finished-at="2025-03-19T21:39:56 IST" duration-ms="806" status="PASS">
          <reporter-output>
          </reporter-output>
        </test-method> <!-- bmConfig -->
        <test-method signature="tc_002_addLowestPriceproductToCart()[pri:0, instance:InventoryTests.AddLowestPriceproductToTest@793f29ff]" started-at="2025-03-19T21:39:56 IST" name="tc_002_addLowestPriceproductToCart" finished-at="2025-03-19T21:40:02 IST" duration-ms="6136" status="PASS">
          <reporter-output>
          </reporter-output>
        </test-method> <!-- tc_002_addLowestPriceproductToCart -->
        <test-method is-config="true" signature="amConfig()[pri:0, instance:InventoryTests.AddLowestPriceproductToTest@793f29ff]" started-at="2025-03-19T21:40:02 IST" name="amConfig" finished-at="2025-03-19T21:40:02 IST" duration-ms="473" status="PASS">
          <reporter-output>
          </reporter-output>
        </test-method> <!-- amConfig -->
        <test-method is-config="true" signature="acConfig()[pri:0, instance:InventoryTests.AddLowestPriceproductToTest@793f29ff]" started-at="2025-03-19T21:40:02 IST" name="acConfig" finished-at="2025-03-19T21:40:03 IST" duration-ms="578" status="PASS">
          <reporter-output>
          </reporter-output>
        </test-method> <!-- acConfig -->
        <test-method is-config="true" signature="asConfig()[pri:0, instance:InventoryTests.AddLowestPriceproductToTest@793f29ff]" started-at="2025-03-19T21:40:04 IST" name="asConfig" finished-at="2025-03-19T21:40:04 IST" duration-ms="2" status="PASS">
          <reporter-output>
          </reporter-output>
        </test-method> <!-- asConfig -->
      </class> <!-- InventoryTests.AddLowestPriceproductToTest -->
    </test> <!-- Test -->
  </suite> <!-- Suite -->
</testng-results>
