<?xml version="1.0" encoding="UTF-8"?>
<testng-results ignored="0" total="1" passed="1" failed="0" skipped="0">
  <reporter-output>
  </reporter-output>
  <suite started-at="2025-03-21T17:21:33 IST" name="Default suite" finished-at="2025-03-21T17:21:36 IST" duration-ms="3700">
    <groups>
    </groups>
    <test started-at="2025-03-21T17:21:33 IST" name="Default test" finished-at="2025-03-21T17:21:36 IST" duration-ms="3700">
      <class name="practice.JDBCSample">
        <test-method signature="executeQuerySample()[pri:0, instance:practice.JDBCSample@54e1c68b]" started-at="2025-03-21T17:21:33 IST" name="executeQuerySample" finished-at="2025-03-21T17:21:36 IST" duration-ms="3600" status="PASS">
          <reporter-output>
          </reporter-output>
        </test-method> <!-- executeQuerySample -->
      </class> <!-- practice.JDBCSample -->
    </test> <!-- Default test -->
  </suite> <!-- Default suite -->
</testng-results>
